{
  "RSpec": {
    "coverage": {
      "/Users/danielstephenson/Documents/Projects/unit-converter/spec/converter_spec.rb": [
        1,
        null,
        1,
        null
      ],
      "/Users/danielstephenson/Documents/Projects/unit-converter/lib/converter.rb": [
        1,
        null
      ],
      "/Users/danielstephenson/Documents/Projects/unit-converter/spec/menu_spec.rb": [
        1,
        null,
        1,
        1,
        1,
        1,
        1,
        1,
        null,
        null,
        null
      ],
      "/Users/danielstephenson/Documents/Projects/unit-converter/lib/menu.rb": [
        null,
        1,
        1,
        1,
        null,
        null,
        null,
        null,
        null,
        null,
        null,
        null,
        null,
        null,
        null,
        null,
        null,
        null,
        null,
        null,
        null,
        1,
        3,
        3,
        45,
        null,
        null
      ]
    },
    "timestamp": 1544032960
  }
}
